This is pdfTeX, Version 3.141592653-2.6-1.40.27 (TeX Live 2025) (preloaded format=pdflatex 2025.11.24)  13 DEC 2025 20:52
entering extended mode
 restricted \write18 enabled.
 %&-line parsing enabled.
**cs419_assignment3_report.tex
(./cs419_assignment3_report.tex
LaTeX2e <2024-11-01> patch level 2
L3 programming layer <2025-01-18>
(/usr/local/texlive/2025basic/texmf-dist/tex/latex/ieeetran/IEEEtran.cls
Document Class: IEEEtran 2015/08/26 V1.8b by Michael Shell
-- See the "IEEEtran_HOWTO" manual for usage information.
-- http://www.michaelshell.org/tex/ieeetran/
\@IEEEtrantmpdimenA=\dimen141
\@IEEEtrantmpdimenB=\dimen142
\@IEEEtrantmpdimenC=\dimen143
\@IEEEtrantmpcountA=\count196
\@IEEEtrantmpcountB=\count197
\@IEEEtrantmpcountC=\count198
\@IEEEtrantmptoksA=\toks17
LaTeX Font Info:    Trying to load font information for OT1+ptm on input line 5
03.
(/usr/local/texlive/2025basic/texmf-dist/tex/latex/psnfss/ot1ptm.fd
File: ot1ptm.fd 2001/06/04 font definitions for OT1/ptm.
)
-- Using 8.5in x 11in (letter) paper.
-- Using PDF output.
\@IEEEnormalsizeunitybaselineskip=\dimen144
-- This is a 10 point document.
\CLASSINFOnormalsizebaselineskip=\dimen145
\CLASSINFOnormalsizeunitybaselineskip=\dimen146
\IEEEnormaljot=\dimen147
LaTeX Font Info:    Font shape `OT1/ptm/bx/n' in size <5> not available
(Font)              Font shape `OT1/ptm/b/n' tried instead on input line 1090.
LaTeX Font Info:    Font shape `OT1/ptm/bx/it' in size <5> not available
(Font)              Font shape `OT1/ptm/b/it' tried instead on input line 1090.

LaTeX Font Info:    Font shape `OT1/ptm/bx/n' in size <7> not available
(Font)              Font shape `OT1/ptm/b/n' tried instead on input line 1090.
LaTeX Font Info:    Font shape `OT1/ptm/bx/it' in size <7> not available
(Font)              Font shape `OT1/ptm/b/it' tried instead on input line 1090.

LaTeX Font Info:    Font shape `OT1/ptm/bx/n' in size <8> not available
(Font)              Font shape `OT1/ptm/b/n' tried instead on input line 1090.
LaTeX Font Info:    Font shape `OT1/ptm/bx/it' in size <8> not available
(Font)              Font shape `OT1/ptm/b/it' tried instead on input line 1090.

LaTeX Font Info:    Font shape `OT1/ptm/bx/n' in size <9> not available
(Font)              Font shape `OT1/ptm/b/n' tried instead on input line 1090.
LaTeX Font Info:    Font shape `OT1/ptm/bx/it' in size <9> not available
(Font)              Font shape `OT1/ptm/b/it' tried instead on input line 1090.

LaTeX Font Info:    Font shape `OT1/ptm/bx/n' in size <10> not available
(Font)              Font shape `OT1/ptm/b/n' tried instead on input line 1090.
LaTeX Font Info:    Font shape `OT1/ptm/bx/it' in size <10> not available
(Font)              Font shape `OT1/ptm/b/it' tried instead on input line 1090.

LaTeX Font Info:    Font shape `OT1/ptm/bx/n' in size <11> not available
(Font)              Font shape `OT1/ptm/b/n' tried instead on input line 1090.
LaTeX Font Info:    Font shape `OT1/ptm/bx/it' in size <11> not available
(Font)              Font shape `OT1/ptm/b/it' tried instead on input line 1090.

LaTeX Font Info:    Font shape `OT1/ptm/bx/n' in size <12> not available
(Font)              Font shape `OT1/ptm/b/n' tried instead on input line 1090.
LaTeX Font Info:    Font shape `OT1/ptm/bx/it' in size <12> not available
(Font)              Font shape `OT1/ptm/b/it' tried instead on input line 1090.

LaTeX Font Info:    Font shape `OT1/ptm/bx/n' in size <17> not available
(Font)              Font shape `OT1/ptm/b/n' tried instead on input line 1090.
LaTeX Font Info:    Font shape `OT1/ptm/bx/it' in size <17> not available
(Font)              Font shape `OT1/ptm/b/it' tried instead on input line 1090.

LaTeX Font Info:    Font shape `OT1/ptm/bx/n' in size <20> not available
(Font)              Font shape `OT1/ptm/b/n' tried instead on input line 1090.
LaTeX Font Info:    Font shape `OT1/ptm/bx/it' in size <20> not available
(Font)              Font shape `OT1/ptm/b/it' tried instead on input line 1090.

LaTeX Font Info:    Font shape `OT1/ptm/bx/n' in size <24> not available
(Font)              Font shape `OT1/ptm/b/n' tried instead on input line 1090.
LaTeX Font Info:    Font shape `OT1/ptm/bx/it' in size <24> not available
(Font)              Font shape `OT1/ptm/b/it' tried instead on input line 1090.

\IEEEquantizedlength=\dimen148
\IEEEquantizedlengthdiff=\dimen149
\IEEEquantizedtextheightdiff=\dimen150
\IEEEilabelindentA=\dimen151
\IEEEilabelindentB=\dimen152
\IEEEilabelindent=\dimen153
\IEEEelabelindent=\dimen154
\IEEEdlabelindent=\dimen155
\IEEElabelindent=\dimen156
\IEEEiednormlabelsep=\dimen157
\IEEEiedmathlabelsep=\dimen158
\IEEEiedtopsep=\skip49
\c@section=\count199
\c@subsection=\count266
\c@subsubsection=\count267
\c@paragraph=\count268
\c@IEEEsubequation=\count269
\abovecaptionskip=\skip50
\belowcaptionskip=\skip51
\c@figure=\count270
\c@table=\count271
\@IEEEeqnnumcols=\count272
\@IEEEeqncolcnt=\count273
\@IEEEsubeqnnumrollback=\count274
\@IEEEquantizeheightA=\dimen159
\@IEEEquantizeheightB=\dimen160
\@IEEEquantizeheightC=\dimen161
\@IEEEquantizeprevdepth=\dimen162
\@IEEEquantizemultiple=\count275
\@IEEEquantizeboxA=\box52
\@IEEEtmpitemindent=\dimen163
\IEEEPARstartletwidth=\dimen164
\c@IEEEbiography=\count276
\@IEEEtranrubishbin=\box53
) (/usr/local/texlive/2025basic/texmf-dist/tex/latex/graphics/graphicx.sty
Package: graphicx 2021/09/16 v1.2d Enhanced LaTeX Graphics (DPC,SPQR)

(/usr/local/texlive/2025basic/texmf-dist/tex/latex/graphics/keyval.sty
Package: keyval 2022/05/29 v1.15 key=value parser (DPC)
\KV@toks@=\toks18
)
(/usr/local/texlive/2025basic/texmf-dist/tex/latex/graphics/graphics.sty
Package: graphics 2024/08/06 v1.4g Standard LaTeX Graphics (DPC,SPQR)

(/usr/local/texlive/2025basic/texmf-dist/tex/latex/graphics/trig.sty
Package: trig 2023/12/02 v1.11 sin cos tan (DPC)
)
(/usr/local/texlive/2025basic/texmf-dist/tex/latex/graphics-cfg/graphics.cfg
File: graphics.cfg 2016/06/04 v1.11 sample graphics configuration
)
Package graphics Info: Driver file: pdftex.def on input line 106.

(/usr/local/texlive/2025basic/texmf-dist/tex/latex/graphics-def/pdftex.def
File: pdftex.def 2024/04/13 v1.2c Graphics/color driver for pdftex
))
\Gin@req@height=\dimen165
\Gin@req@width=\dimen166
)
(/usr/local/texlive/2025basic/texmf-dist/tex/latex/booktabs/booktabs.sty
Package: booktabs 2020/01/12 v1.61803398 Publication quality tables
\heavyrulewidth=\dimen167
\lightrulewidth=\dimen168
\cmidrulewidth=\dimen169
\belowrulesep=\dimen170
\belowbottomsep=\dimen171
\aboverulesep=\dimen172
\abovetopsep=\dimen173
\cmidrulesep=\dimen174
\cmidrulekern=\dimen175
\defaultaddspace=\dimen176
\@cmidla=\count277
\@cmidlb=\count278
\@aboverulesep=\dimen177
\@belowrulesep=\dimen178
\@thisruleclass=\count279
\@lastruleclass=\count280
\@thisrulewidth=\dimen179
)
(/usr/local/texlive/2025basic/texmf-dist/tex/latex/amsmath/amsmath.sty
Package: amsmath 2024/11/05 v2.17t AMS math features
\@mathmargin=\skip52

For additional information on amsmath, use the `?' option.
(/usr/local/texlive/2025basic/texmf-dist/tex/latex/amsmath/amstext.sty
Package: amstext 2021/08/26 v2.01 AMS text

(/usr/local/texlive/2025basic/texmf-dist/tex/latex/amsmath/amsgen.sty
File: amsgen.sty 1999/11/30 v2.0 generic functions
\@emptytoks=\toks19
\ex@=\dimen180
))
(/usr/local/texlive/2025basic/texmf-dist/tex/latex/amsmath/amsbsy.sty
Package: amsbsy 1999/11/29 v1.2d Bold Symbols
\pmbraise@=\dimen181
)
(/usr/local/texlive/2025basic/texmf-dist/tex/latex/amsmath/amsopn.sty
Package: amsopn 2022/04/08 v2.04 operator names
)
\inf@bad=\count281
LaTeX Info: Redefining \frac on input line 233.
\uproot@=\count282
\leftroot@=\count283
LaTeX Info: Redefining \overline on input line 398.
LaTeX Info: Redefining \colon on input line 409.
\classnum@=\count284
\DOTSCASE@=\count285
LaTeX Info: Redefining \ldots on input line 495.
LaTeX Info: Redefining \dots on input line 498.
LaTeX Info: Redefining \cdots on input line 619.
\Mathstrutbox@=\box54
\strutbox@=\box55
LaTeX Info: Redefining \big on input line 721.
LaTeX Info: Redefining \Big on input line 722.
LaTeX Info: Redefining \bigg on input line 723.
LaTeX Info: Redefining \Bigg on input line 724.
\big@size=\dimen182
LaTeX Font Info:    Redeclaring font encoding OML on input line 742.
LaTeX Font Info:    Redeclaring font encoding OMS on input line 743.
\macc@depth=\count286
LaTeX Info: Redefining \bmod on input line 904.
LaTeX Info: Redefining \pmod on input line 909.
LaTeX Info: Redefining \smash on input line 939.
LaTeX Info: Redefining \relbar on input line 969.
LaTeX Info: Redefining \Relbar on input line 970.
\c@MaxMatrixCols=\count287
\dotsspace@=\muskip17
\c@parentequation=\count288
\dspbrk@lvl=\count289
\tag@help=\toks20
\row@=\count290
\column@=\count291
\maxfields@=\count292
\andhelp@=\toks21
\eqnshift@=\dimen183
\alignsep@=\dimen184
\tagshift@=\dimen185
\tagwidth@=\dimen186
\totwidth@=\dimen187
\lineht@=\dimen188
\@envbody=\toks22
\multlinegap=\skip53
\multlinetaggap=\skip54
\mathdisplay@stack=\toks23
LaTeX Info: Redefining \[ on input line 2953.
LaTeX Info: Redefining \] on input line 2954.
)
(/usr/local/texlive/2025basic/texmf-dist/tex/latex/amsfonts/amssymb.sty
Package: amssymb 2013/01/14 v3.01 AMS font symbols

(/usr/local/texlive/2025basic/texmf-dist/tex/latex/amsfonts/amsfonts.sty
Package: amsfonts 2013/01/14 v3.01 Basic AMSFonts support
\symAMSa=\mathgroup4
\symAMSb=\mathgroup5
LaTeX Font Info:    Redeclaring math symbol \hbar on input line 98.
LaTeX Font Info:    Overwriting math alphabet `\mathfrak' in version `bold'
(Font)                  U/euf/m/n --> U/euf/b/n on input line 106.
))
(/usr/local/texlive/2025basic/texmf-dist/tex/latex/base/textcomp.sty
Package: textcomp 2024/04/24 v2.1b Standard LaTeX package
)
(/usr/local/texlive/2025basic/texmf-dist/tex/latex/lm/lmodern.sty
Package: lmodern 2015/05/01 v1.6.1 Latin Modern Fonts
LaTeX Font Info:    Overwriting symbol font `operators' in version `normal'
(Font)                  OT1/cmr/m/n --> OT1/lmr/m/n on input line 22.
LaTeX Font Info:    Overwriting symbol font `letters' in version `normal'
(Font)                  OML/cmm/m/it --> OML/lmm/m/it on input line 23.
LaTeX Font Info:    Overwriting symbol font `symbols' in version `normal'
(Font)                  OMS/cmsy/m/n --> OMS/lmsy/m/n on input line 24.
LaTeX Font Info:    Overwriting symbol font `largesymbols' in version `normal'
(Font)                  OMX/cmex/m/n --> OMX/lmex/m/n on input line 25.
LaTeX Font Info:    Overwriting symbol font `operators' in version `bold'
(Font)                  OT1/cmr/bx/n --> OT1/lmr/bx/n on input line 26.
LaTeX Font Info:    Overwriting symbol font `letters' in version `bold'
(Font)                  OML/cmm/b/it --> OML/lmm/b/it on input line 27.
LaTeX Font Info:    Overwriting symbol font `symbols' in version `bold'
(Font)                  OMS/cmsy/b/n --> OMS/lmsy/b/n on input line 28.
LaTeX Font Info:    Overwriting symbol font `largesymbols' in version `bold'
(Font)                  OMX/cmex/m/n --> OMX/lmex/m/n on input line 29.
LaTeX Font Info:    Overwriting math alphabet `\mathbf' in version `normal'
(Font)                  OT1/cmr/bx/n --> OT1/lmr/bx/n on input line 31.
LaTeX Font Info:    Overwriting math alphabet `\mathsf' in version `normal'
(Font)                  OT1/cmss/m/n --> OT1/lmss/m/n on input line 32.
LaTeX Font Info:    Overwriting math alphabet `\mathit' in version `normal'
(Font)                  OT1/cmr/m/it --> OT1/lmr/m/it on input line 33.
LaTeX Font Info:    Overwriting math alphabet `\mathtt' in version `normal'
(Font)                  OT1/cmtt/m/n --> OT1/lmtt/m/n on input line 34.
LaTeX Font Info:    Overwriting math alphabet `\mathbf' in version `bold'
(Font)                  OT1/cmr/bx/n --> OT1/lmr/bx/n on input line 35.
LaTeX Font Info:    Overwriting math alphabet `\mathsf' in version `bold'
(Font)                  OT1/cmss/bx/n --> OT1/lmss/bx/n on input line 36.
LaTeX Font Info:    Overwriting math alphabet `\mathit' in version `bold'
(Font)                  OT1/cmr/bx/it --> OT1/lmr/bx/it on input line 37.
LaTeX Font Info:    Overwriting math alphabet `\mathtt' in version `bold'
(Font)                  OT1/cmtt/m/n --> OT1/lmtt/m/n on input line 38.
)
(/usr/local/texlive/2025basic/texmf-dist/tex/latex/listings/listings.sty
\lst@mode=\count293
\lst@gtempboxa=\box56
\lst@token=\toks24
\lst@length=\count294
\lst@currlwidth=\dimen189
\lst@column=\count295
\lst@pos=\count296
\lst@lostspace=\dimen190
\lst@width=\dimen191
\lst@newlines=\count297
\lst@lineno=\count298
\lst@maxwidth=\dimen192

(/usr/local/texlive/2025basic/texmf-dist/tex/latex/listings/lstpatch.sty
File: lstpatch.sty 2024/09/23 1.10c (Carsten Heinz)
)
(/usr/local/texlive/2025basic/texmf-dist/tex/latex/listings/lstmisc.sty
File: lstmisc.sty 2024/09/23 1.10c (Carsten Heinz)
\c@lstnumber=\count299
\lst@skipnumbers=\count300
\lst@framebox=\box57
)
(/usr/local/texlive/2025basic/texmf-dist/tex/latex/listings/listings.cfg
File: listings.cfg 2024/09/23 1.10c listings configuration
))
Package: listings 2024/09/23 1.10c (Carsten Heinz)

(/usr/local/texlive/2025basic/texmf-dist/tex/latex/hyperref/hyperref.sty
Package: hyperref 2024-11-05 v7.01l Hypertext links for LaTeX

(/usr/local/texlive/2025basic/texmf-dist/tex/generic/iftex/iftex.sty
Package: iftex 2024/12/12 v1.0g TeX engine tests
)
(/usr/local/texlive/2025basic/texmf-dist/tex/latex/kvsetkeys/kvsetkeys.sty
Package: kvsetkeys 2022-10-05 v1.19 Key value parser (HO)
)
(/usr/local/texlive/2025basic/texmf-dist/tex/generic/kvdefinekeys/kvdefinekeys.
sty
Package: kvdefinekeys 2019-12-19 v1.6 Define keys (HO)
)
(/usr/local/texlive/2025basic/texmf-dist/tex/generic/pdfescape/pdfescape.sty
Package: pdfescape 2019/12/09 v1.15 Implements pdfTeX's escape features (HO)

(/usr/local/texlive/2025basic/texmf-dist/tex/generic/ltxcmds/ltxcmds.sty
Package: ltxcmds 2023-12-04 v1.26 LaTeX kernel commands for general use (HO)
)
(/usr/local/texlive/2025basic/texmf-dist/tex/generic/pdftexcmds/pdftexcmds.sty
Package: pdftexcmds 2020-06-27 v0.33 Utility functions of pdfTeX for LuaTeX (HO
)

(/usr/local/texlive/2025basic/texmf-dist/tex/generic/infwarerr/infwarerr.sty
Package: infwarerr 2019/12/03 v1.5 Providing info/warning/error messages (HO)
)
Package pdftexcmds Info: \pdf@primitive is available.
Package pdftexcmds Info: \pdf@ifprimitive is available.
Package pdftexcmds Info: \pdfdraftmode found.
)) (/usr/local/texlive/2025basic/texmf-dist/tex/latex/hycolor/hycolor.sty
Package: hycolor 2020-01-27 v1.10 Color options for hyperref/bookmark (HO)
)
(/usr/local/texlive/2025basic/texmf-dist/tex/latex/hyperref/nameref.sty
Package: nameref 2023-11-26 v2.56 Cross-referencing by name of section

(/usr/local/texlive/2025basic/texmf-dist/tex/latex/refcount/refcount.sty
Package: refcount 2019/12/15 v3.6 Data extraction from label references (HO)
)
(/usr/local/texlive/2025basic/texmf-dist/tex/generic/gettitlestring/gettitlestr
ing.sty
Package: gettitlestring 2019/12/15 v1.6 Cleanup title references (HO)

(/usr/local/texlive/2025basic/texmf-dist/tex/latex/kvoptions/kvoptions.sty
Package: kvoptions 2022-06-15 v3.15 Key value format for package options (HO)
))
\c@section@level=\count301
)
(/usr/local/texlive/2025basic/texmf-dist/tex/latex/etoolbox/etoolbox.sty
Package: etoolbox 2025/02/11 v2.5l e-TeX tools for LaTeX (JAW)
\etb@tempcnta=\count302
)
(/usr/local/texlive/2025basic/texmf-dist/tex/generic/stringenc/stringenc.sty
Package: stringenc 2019/11/29 v1.12 Convert strings between diff. encodings (HO
)
)
\@linkdim=\dimen193
\Hy@linkcounter=\count303
\Hy@pagecounter=\count304

(/usr/local/texlive/2025basic/texmf-dist/tex/latex/hyperref/pd1enc.def
File: pd1enc.def 2024-11-05 v7.01l Hyperref: PDFDocEncoding definition (HO)
Now handling font encoding PD1 ...
... no UTF-8 mapping file for font encoding PD1
)
(/usr/local/texlive/2025basic/texmf-dist/tex/generic/intcalc/intcalc.sty
Package: intcalc 2019/12/15 v1.3 Expandable calculations with integers (HO)
)
\Hy@SavedSpaceFactor=\count305

(/usr/local/texlive/2025basic/texmf-dist/tex/latex/hyperref/puenc.def
File: puenc.def 2024-11-05 v7.01l Hyperref: PDF Unicode definition (HO)
Now handling font encoding PU ...
... no UTF-8 mapping file for font encoding PU
)
Package hyperref Info: Hyper figures OFF on input line 4157.
Package hyperref Info: Link nesting OFF on input line 4162.
Package hyperref Info: Hyper index ON on input line 4165.
Package hyperref Info: Plain pages OFF on input line 4172.
Package hyperref Info: Backreferencing OFF on input line 4177.
Package hyperref Info: Implicit mode ON; LaTeX internals redefined.
Package hyperref Info: Bookmarks ON on input line 4424.
\c@Hy@tempcnt=\count306

(/usr/local/texlive/2025basic/texmf-dist/tex/latex/url/url.sty
\Urlmuskip=\muskip18
Package: url 2013/09/16  ver 3.4  Verb mode for urls, etc.
)
LaTeX Info: Redefining \url on input line 4763.
\XeTeXLinkMargin=\dimen194

(/usr/local/texlive/2025basic/texmf-dist/tex/generic/bitset/bitset.sty
Package: bitset 2019/12/09 v1.3 Handle bit-vector datatype (HO)

(/usr/local/texlive/2025basic/texmf-dist/tex/generic/bigintcalc/bigintcalc.sty
Package: bigintcalc 2019/12/15 v1.5 Expandable calculations on big integers (HO
)
))
\Fld@menulength=\count307
\Field@Width=\dimen195
\Fld@charsize=\dimen196
Package hyperref Info: Hyper figures OFF on input line 6042.
Package hyperref Info: Link nesting OFF on input line 6047.
Package hyperref Info: Hyper index ON on input line 6050.
Package hyperref Info: backreferencing OFF on input line 6057.
Package hyperref Info: Link coloring OFF on input line 6062.
Package hyperref Info: Link coloring with OCG OFF on input line 6067.
Package hyperref Info: PDF/A mode OFF on input line 6072.
 (/usr/local/texlive/2025basic/texmf-dist/tex/latex/base/atbegshi-ltx.sty
Package: atbegshi-ltx 2021/01/10 v1.0c Emulation of the original atbegshi
package with kernel methods
)
\Hy@abspage=\count308
\c@Item=\count309
\c@Hfootnote=\count310
)
Package hyperref Info: Driver (autodetected): hpdftex.

(/usr/local/texlive/2025basic/texmf-dist/tex/latex/hyperref/hpdftex.def
File: hpdftex.def 2024-11-05 v7.01l Hyperref driver for pdfTeX

(/usr/local/texlive/2025basic/texmf-dist/tex/latex/base/atveryend-ltx.sty
Package: atveryend-ltx 2020/08/19 v1.0a Emulation of the original atveryend pac
kage
with kernel methods
)
\Fld@listcount=\count311
\c@bookmark@seq@number=\count312

(/usr/local/texlive/2025basic/texmf-dist/tex/latex/rerunfilecheck/rerunfilechec
k.sty
Package: rerunfilecheck 2022-07-10 v1.10 Rerun checks for auxiliary files (HO)

(/usr/local/texlive/2025basic/texmf-dist/tex/generic/uniquecounter/uniquecounte
r.sty
Package: uniquecounter 2019/12/15 v1.4 Provide unlimited unique counter (HO)
)
Package uniquecounter Info: New unique counter `rerunfilecheck' on input line 2
85.
)
\Hy@SectionHShift=\skip55
)
(/usr/local/texlive/2025basic/texmf-dist/tex/latex/microtype/microtype.sty
Package: microtype 2025/02/11 v3.2a Micro-typographical refinements (RS)
\MT@toks=\toks25
\MT@tempbox=\box58
\MT@count=\count313
LaTeX Info: Redefining \noprotrusionifhmode on input line 1087.
LaTeX Info: Redefining \leftprotrusion on input line 1088.
\MT@prot@toks=\toks26
LaTeX Info: Redefining \rightprotrusion on input line 1107.
LaTeX Info: Redefining \textls on input line 1449.
\MT@outer@kern=\dimen197
LaTeX Info: Redefining \microtypecontext on input line 2053.
LaTeX Info: Redefining \textmicrotypecontext on input line 2070.
\MT@listname@count=\count314

(/usr/local/texlive/2025basic/texmf-dist/tex/latex/microtype/microtype-pdftex.d
ef
File: microtype-pdftex.def 2025/02/11 v3.2a Definitions specific to pdftex (RS)

LaTeX Info: Redefining \lsstyle on input line 944.
LaTeX Info: Redefining \lslig on input line 944.
\MT@outer@space=\skip56
)
Package microtype Info: Loading configuration file microtype.cfg.
 (/usr/local/texlive/2025basic/texmf-dist/tex/latex/microtype/microtype.cfg
File: microtype.cfg 2025/02/11 v3.2a microtype main configuration file (RS)
)
LaTeX Info: Redefining \microtypesetup on input line 3065.
)
LaTeX Font Info:    Trying to load font information for OT1+lmr on input line 3
5.
 (/usr/local/texlive/2025basic/texmf-dist/tex/latex/lm/ot1lmr.fd
File: ot1lmr.fd 2015/05/01 v1.6.1 Font defs for Latin Modern
)
(/usr/local/texlive/2025basic/texmf-dist/tex/latex/l3backend/l3backend-pdftex.d
ef
File: l3backend-pdftex.def 2024-05-08 L3 backend support: PDF output (pdfTeX)
\l__color_backend_stack_int=\count315
\l__pdf_internal_box=\box59
) (./cs419_assignment3_report.aux)
\openout1 = `cs419_assignment3_report.aux'.

LaTeX Font Info:    Checking defaults for OML/cmm/m/it on input line 35.
LaTeX Font Info:    ... okay on input line 35.
LaTeX Font Info:    Checking defaults for OMS/cmsy/m/n on input line 35.
LaTeX Font Info:    ... okay on input line 35.
LaTeX Font Info:    Checking defaults for OT1/cmr/m/n on input line 35.
LaTeX Font Info:    ... okay on input line 35.
LaTeX Font Info:    Checking defaults for T1/cmr/m/n on input line 35.
LaTeX Font Info:    ... okay on input line 35.
LaTeX Font Info:    Checking defaults for TS1/cmr/m/n on input line 35.
LaTeX Font Info:    ... okay on input line 35.
LaTeX Font Info:    Checking defaults for OMX/cmex/m/n on input line 35.
LaTeX Font Info:    ... okay on input line 35.
LaTeX Font Info:    Checking defaults for U/cmr/m/n on input line 35.
LaTeX Font Info:    ... okay on input line 35.
LaTeX Font Info:    Checking defaults for PD1/pdf/m/n on input line 35.
LaTeX Font Info:    ... okay on input line 35.
LaTeX Font Info:    Checking defaults for PU/pdf/m/n on input line 35.
LaTeX Font Info:    ... okay on input line 35.

-- Lines per column: 56 (exact).
(/usr/local/texlive/2025basic/texmf-dist/tex/context/base/mkii/supp-pdf.mkii
[Loading MPS to PDF converter (version 2006.09.02).]
\scratchcounter=\count316
\scratchdimen=\dimen198
\scratchbox=\box60
\nofMPsegments=\count317
\nofMParguments=\count318
\everyMPshowfont=\toks27
\MPscratchCnt=\count319
\MPscratchDim=\dimen199
\MPnumerator=\count320
\makeMPintoPDFobject=\count321
\everyMPtoPDFconversion=\toks28
)
(/usr/local/texlive/2025basic/texmf-dist/tex/latex/epstopdf-pkg/epstopdf-base.s
ty
Package: epstopdf-base 2020-01-24 v2.11 Base part for package epstopdf
Package epstopdf-base Info: Redefining graphics rule for `.eps' on input line 4
85.

(/usr/local/texlive/2025basic/texmf-dist/tex/latex/latexconfig/epstopdf-sys.cfg
File: epstopdf-sys.cfg 2010/07/13 v1.3 Configuration of (r)epstopdf for TeX Liv
e
))
\c@lstlisting=\count322
Package hyperref Info: Link coloring OFF on input line 35.
 (./cs419_assignment3_report.out) (./cs419_assignment3_report.out)
\@outlinefile=\write3
\openout3 = `cs419_assignment3_report.out'.

LaTeX Info: Redefining \microtypecontext on input line 35.
Package microtype Info: Applying patch `item' on input line 35.
Package microtype Info: Applying patch `toc' on input line 35.
Package microtype Info: Applying patch `eqnum' on input line 35.
Package microtype Info: Applying patch `footnote' on input line 35.
Package microtype Info: Applying patch `verbatim' on input line 35.
LaTeX Info: Redefining \microtypesetup on input line 35.
Package microtype Info: Generating PDF output.
Package microtype Info: Character protrusion enabled (level 2).
Package microtype Info: Using default protrusion set `alltext'.
Package microtype Info: Automatic font expansion enabled (level 2),
(microtype)             stretch: 20, shrink: 20, step: 1, non-selected.
Package microtype Info: Using default expansion set `alltext-nott'.
LaTeX Info: Redefining \showhyphens on input line 35.
Package microtype Info: No adjustment of tracking.
Package microtype Info: No adjustment of interword spacing.
Package microtype Info: No adjustment of character kerning.

(/usr/local/texlive/2025basic/texmf-dist/tex/latex/microtype/mt-cmr.cfg
File: mt-cmr.cfg 2013/05/19 v2.2 microtype config. file: Computer Modern Roman 
(RS)
)
LaTeX Font Info:    Trying to load font information for OML+lmm on input line 6
3.

(/usr/local/texlive/2025basic/texmf-dist/tex/latex/lm/omllmm.fd
File: omllmm.fd 2015/05/01 v1.6.1 Font defs for Latin Modern
)
LaTeX Font Info:    Trying to load font information for OMS+lmsy on input line 
63.

(/usr/local/texlive/2025basic/texmf-dist/tex/latex/lm/omslmsy.fd
File: omslmsy.fd 2015/05/01 v1.6.1 Font defs for Latin Modern
)
LaTeX Font Info:    Trying to load font information for OMX+lmex on input line 
63.

(/usr/local/texlive/2025basic/texmf-dist/tex/latex/lm/omxlmex.fd
File: omxlmex.fd 2015/05/01 v1.6.1 Font defs for Latin Modern
)
LaTeX Font Info:    External font `lmex10' loaded for size
(Font)              <10> on input line 63.
LaTeX Font Info:    External font `lmex10' loaded for size
(Font)              <7> on input line 63.
LaTeX Font Info:    External font `lmex10' loaded for size
(Font)              <5> on input line 63.
LaTeX Font Info:    Trying to load font information for U+msa on input line 63.


(/usr/local/texlive/2025basic/texmf-dist/tex/latex/amsfonts/umsa.fd
File: umsa.fd 2013/01/14 v3.01 AMS symbols A
)
(/usr/local/texlive/2025basic/texmf-dist/tex/latex/microtype/mt-msa.cfg
File: mt-msa.cfg 2006/02/04 v1.1 microtype config. file: AMS symbols (a) (RS)
)
LaTeX Font Info:    Trying to load font information for U+msb on input line 63.


(/usr/local/texlive/2025basic/texmf-dist/tex/latex/amsfonts/umsb.fd
File: umsb.fd 2013/01/14 v3.01 AMS symbols B
)
(/usr/local/texlive/2025basic/texmf-dist/tex/latex/microtype/mt-msb.cfg
File: mt-msb.cfg 2005/06/01 v1.0 microtype config. file: AMS symbols (b) (RS)
)

(/usr/local/texlive/2025basic/texmf-dist/tex/latex/listings/lstlang1.sty
File: lstlang1.sty 2024/09/23 1.10c listings language file
)
LaTeX Font Info:    Trying to load font information for OT1+lmtt on input line 
83.

(/usr/local/texlive/2025basic/texmf-dist/tex/latex/lm/ot1lmtt.fd
File: ot1lmtt.fd 2015/05/01 v1.6.1 Font defs for Latin Modern
)
Package microtype Info: Loading generic protrusion settings for font family
(microtype)             `lmtt' (encoding: OT1).
(microtype)             For optimal results, create family-specific settings.
(microtype)             See the microtype manual for details.
LaTeX Font Info:    Font shape `OT1/lmtt/bx/n' in size <8> not available
(Font)              Font shape `OT1/lmtt/b/n' tried instead on input line 84.


[1{/usr/local/texlive/2025basic/texmf-var/fonts/map/pdftex/updmap/pdftex.map}{/
usr/local/texlive/2025basic/texmf-dist/fonts/enc/dvips/lm/lm-rm.enc}


{/usr/local/texlive/2025basic/texmf-dist/fonts/enc/dvips/lm/lm-rmsc.enc}{/usr/l
ocal/texlive/2025basic/texmf-dist/fonts/enc/dvips/lm/lm-mathsy.enc}{/usr/local/
texlive/2025basic/texmf-dist/fonts/enc/dvips/lm/lm-mathit.enc}]

LaTeX Font Info:    External font `lmex10' loaded for size
(Font)              <9> on input line 212.
LaTeX Font Info:    External font `lmex10' loaded for size
(Font)              <6> on input line 212.


[2{/usr/local/texlive/2025basic/texmf-dist/fonts/enc/dvips/lm/lm-rmtt.enc}]

LaTeX Font Info:    External font `lmex10' loaded for size
(Font)              <8> on input line 290.
<test-cases/cell_00969.png, id=224, 513.92pt x 513.92pt>
File: test-cases/cell_00969.png Graphic file (type png)
<use test-cases/cell_00969.png>
Package pdftex.def Info: test-cases/cell_00969.png  used on input line 323.
(pdftex.def)             Requested size: 80.64185pt x 80.637pt.
<test-cases/cell_00969_vis.png, id=225, 513.92pt x 513.92pt>
File: test-cases/cell_00969_vis.png Graphic file (type png)
<use test-cases/cell_00969_vis.png>
Package pdftex.def Info: test-cases/cell_00969_vis.png  used on input line 324.

(pdftex.def)             Requested size: 80.64185pt x 80.637pt.
<test-cases/cell_00969_pred_visualized.png, id=226, 1027.84pt x 513.92pt>
File: test-cases/cell_00969_pred_visualized.png Graphic file (type png)
<use test-cases/cell_00969_pred_visualized.png>
Package pdftex.def Info: test-cases/cell_00969_pred_visualized.png  used on inp
ut line 325.
(pdftex.def)             Requested size: 80.64185pt x 40.31458pt.
<test-cases/cell_00968.png, id=228, 513.92pt x 513.92pt>
File: test-cases/cell_00968.png Graphic file (type png)
<use test-cases/cell_00968.png>
Package pdftex.def Info: test-cases/cell_00968.png  used on input line 334.
(pdftex.def)             Requested size: 80.64185pt x 80.637pt.
<test-cases/cell_00968_vis.png, id=229, 513.92pt x 513.92pt>
File: test-cases/cell_00968_vis.png Graphic file (type png)
<use test-cases/cell_00968_vis.png>
Package pdftex.def Info: test-cases/cell_00968_vis.png  used on input line 335.

(pdftex.def)             Requested size: 80.64185pt x 80.637pt.
<test-cases/cell_00968_pred_visualized.png, id=230, 1027.84pt x 513.92pt>
File: test-cases/cell_00968_pred_visualized.png Graphic file (type png)
<use test-cases/cell_00968_pred_visualized.png>
Package pdftex.def Info: test-cases/cell_00968_pred_visualized.png  used on inp
ut line 336.
(pdftex.def)             Requested size: 80.64185pt x 40.31458pt.
<test-cases/cell_00971.png, id=232, 513.92pt x 513.92pt>
File: test-cases/cell_00971.png Graphic file (type png)
<use test-cases/cell_00971.png>
Package pdftex.def Info: test-cases/cell_00971.png  used on input line 345.
(pdftex.def)             Requested size: 80.64185pt x 80.637pt.
<test-cases/cell_00971_vis.png, id=233, 513.92pt x 513.92pt>
File: test-cases/cell_00971_vis.png Graphic file (type png)
<use test-cases/cell_00971_vis.png>
Package pdftex.def Info: test-cases/cell_00971_vis.png  used on input line 346.

(pdftex.def)             Requested size: 80.64185pt x 80.637pt.
<test-cases/cell_00971_pred_visualized.png, id=234, 1027.84pt x 513.92pt>
File: test-cases/cell_00971_pred_visualized.png Graphic file (type png)
<use test-cases/cell_00971_pred_visualized.png>
Package pdftex.def Info: test-cases/cell_00971_pred_visualized.png  used on inp
ut line 347.
(pdftex.def)             Requested size: 80.64185pt x 40.31458pt.
<test-cases/cell_00987.png, id=236, 513.92pt x 513.92pt>
File: test-cases/cell_00987.png Graphic file (type png)
<use test-cases/cell_00987.png>
Package pdftex.def Info: test-cases/cell_00987.png  used on input line 357.
(pdftex.def)             Requested size: 80.64185pt x 80.637pt.
<test-cases/cell_00987_vis.png, id=237, 513.92pt x 513.92pt>
File: test-cases/cell_00987_vis.png Graphic file (type png)
<use test-cases/cell_00987_vis.png>
Package pdftex.def Info: test-cases/cell_00987_vis.png  used on input line 358.

(pdftex.def)             Requested size: 80.64185pt x 80.637pt.
<test-cases/cell_00987_pred_visualized.png, id=238, 1027.84pt x 513.92pt>
File: test-cases/cell_00987_pred_visualized.png Graphic file (type png)
<use test-cases/cell_00987_pred_visualized.png>
Package pdftex.def Info: test-cases/cell_00987_pred_visualized.png  used on inp
ut line 359.
(pdftex.def)             Requested size: 80.64185pt x 40.31458pt.
<test-cases/cell_00967.png, id=240, 513.92pt x 513.92pt>
File: test-cases/cell_00967.png Graphic file (type png)
<use test-cases/cell_00967.png>
Package pdftex.def Info: test-cases/cell_00967.png  used on input line 368.
(pdftex.def)             Requested size: 80.64185pt x 80.637pt.
<test-cases/cell_00967_vis.png, id=241, 513.92pt x 513.92pt>
File: test-cases/cell_00967_vis.png Graphic file (type png)
<use test-cases/cell_00967_vis.png>
Package pdftex.def Info: test-cases/cell_00967_vis.png  used on input line 369.

(pdftex.def)             Requested size: 80.64185pt x 80.637pt.
<test-cases/cell_00967_pred_visualized.png, id=242, 1027.84pt x 513.92pt>
File: test-cases/cell_00967_pred_visualized.png Graphic file (type png)
<use test-cases/cell_00967_pred_visualized.png>
Package pdftex.def Info: test-cases/cell_00967_pred_visualized.png  used on inp
ut line 370.
(pdftex.def)             Requested size: 80.64185pt x 40.31458pt.
<test-cases/cell_00986.png, id=244, 513.92pt x 513.92pt>
File: test-cases/cell_00986.png Graphic file (type png)
<use test-cases/cell_00986.png>
Package pdftex.def Info: test-cases/cell_00986.png  used on input line 379.
(pdftex.def)             Requested size: 80.64185pt x 80.637pt.
<test-cases/cell_00986_vis.png, id=245, 513.92pt x 513.92pt>
File: test-cases/cell_00986_vis.png Graphic file (type png)
<use test-cases/cell_00986_vis.png>
Package pdftex.def Info: test-cases/cell_00986_vis.png  used on input line 380.

(pdftex.def)             Requested size: 80.64185pt x 80.637pt.
<test-cases/cell_00986_pred_visualized.png, id=246, 1027.84pt x 513.92pt>
File: test-cases/cell_00986_pred_visualized.png Graphic file (type png)
<use test-cases/cell_00986_pred_visualized.png>
Package pdftex.def Info: test-cases/cell_00986_pred_visualized.png  used on inp
ut line 381.
(pdftex.def)             Requested size: 80.64185pt x 40.31458pt.


[3 <./test-cases/cell_00969.png (PNG copy)> <./test-cases/cell_00969_vis.png (P
NG copy)> <./test-cases/cell_00969_pred_visualized.png (PNG copy)>]
<test-cases/bmp-img2.jpeg, id=277, 2047.65pt x 1541.76pt>
File: test-cases/bmp-img2.jpeg Graphic file (type jpg)
<use test-cases/bmp-img2.jpeg>
Package pdftex.def Info: test-cases/bmp-img2.jpeg  used on input line 390.
(pdftex.def)             Requested size: 80.64185pt x 60.69536pt.
<test-cases/bmp-img2_vis.png, id=278, 2047.65pt x 1541.76pt>
File: test-cases/bmp-img2_vis.png Graphic file (type png)
<use test-cases/bmp-img2_vis.png>
Package pdftex.def Info: test-cases/bmp-img2_vis.png  used on input line 391.
(pdftex.def)             Requested size: 80.64185pt x 60.69536pt.
<test-cases/bmp-img2_pred_visualized.png, id=279, 4095.3pt x 1541.76pt>
File: test-cases/bmp-img2_pred_visualized.png Graphic file (type png)
<use test-cases/bmp-img2_pred_visualized.png>
Package pdftex.def Info: test-cases/bmp-img2_pred_visualized.png  used on input
 line 392.
(pdftex.def)             Requested size: 80.64185pt x 30.34767pt.
<test-cases/cell_00975.png, id=281, 513.92pt x 513.92pt>
File: test-cases/cell_00975.png Graphic file (type png)
<use test-cases/cell_00975.png>
Package pdftex.def Info: test-cases/cell_00975.png  used on input line 401.
(pdftex.def)             Requested size: 80.64185pt x 80.637pt.
<test-cases/cell_00975_vis.png, id=282, 513.92pt x 513.92pt>
File: test-cases/cell_00975_vis.png Graphic file (type png)
<use test-cases/cell_00975_vis.png>
Package pdftex.def Info: test-cases/cell_00975_vis.png  used on input line 402.

(pdftex.def)             Requested size: 80.64185pt x 80.637pt.
<test-cases/cell_00975_pred_visualized.png, id=283, 1027.84pt x 513.92pt>
File: test-cases/cell_00975_pred_visualized.png Graphic file (type png)
<use test-cases/cell_00975_pred_visualized.png>
Package pdftex.def Info: test-cases/cell_00975_pred_visualized.png  used on inp
ut line 403.
(pdftex.def)             Requested size: 80.64185pt x 40.31458pt.
<test-cases/bmp-img1.jpeg, id=285, 2047.65pt x 1541.76pt>
File: test-cases/bmp-img1.jpeg Graphic file (type jpg)
<use test-cases/bmp-img1.jpeg>
Package pdftex.def Info: test-cases/bmp-img1.jpeg  used on input line 412.
(pdftex.def)             Requested size: 80.64185pt x 60.69536pt.
<test-cases/bmp-img1_vis.png, id=286, 2047.65pt x 1541.76pt>
File: test-cases/bmp-img1_vis.png Graphic file (type png)
<use test-cases/bmp-img1_vis.png>
Package pdftex.def Info: test-cases/bmp-img1_vis.png  used on input line 413.
(pdftex.def)             Requested size: 80.64185pt x 60.69536pt.
<test-cases/bmp-img1_pred_visualized.png, id=287, 4095.3pt x 1541.76pt>
File: test-cases/bmp-img1_pred_visualized.png Graphic file (type png)
<use test-cases/bmp-img1_pred_visualized.png>
Package pdftex.def Info: test-cases/bmp-img1_pred_visualized.png  used on input
 line 414.
(pdftex.def)             Requested size: 80.64185pt x 30.34767pt.




[4 <./test-cases/cell_00968.png (PNG copy)> <./test-cases/cell_00968_vis.png (P
NG copy)> <./test-cases/cell_00968_pred_visualized.png (PNG copy)> <./test-case
s/cell_00971.png (PNG copy)> <./test-cases/cell_00971_vis.png (PNG copy)> <./te
st-cases/cell_00971_pred_visualized.png (PNG copy)> <./test-cases/cell_00987.pn
g (PNG copy)> <./test-cases/cell_00987_vis.png (PNG copy)> <./test-cases/cell_0
0987_pred_visualized.png (PNG copy)> <./test-cases/cell_00967.png (PNG copy)> <
./test-cases/cell_00967_vis.png (PNG copy)> <./test-cases/cell_00967_pred_visua
lized.png (PNG copy)>]
<test-cases/cell_00973.png, id=300, 513.92pt x 513.92pt>
File: test-cases/cell_00973.png Graphic file (type png)
<use test-cases/cell_00973.png>
Package pdftex.def Info: test-cases/cell_00973.png  used on input line 423.
(pdftex.def)             Requested size: 80.64185pt x 80.637pt.
<test-cases/cell_00973_vis.png, id=301, 513.92pt x 513.92pt>
File: test-cases/cell_00973_vis.png Graphic file (type png)
<use test-cases/cell_00973_vis.png>
Package pdftex.def Info: test-cases/cell_00973_vis.png  used on input line 424.

(pdftex.def)             Requested size: 80.64185pt x 80.637pt.
<test-cases/cell_00973_pred_visualized.png, id=302, 1027.84pt x 513.92pt>
File: test-cases/cell_00973_pred_visualized.png Graphic file (type png)
<use test-cases/cell_00973_pred_visualized.png>
Package pdftex.def Info: test-cases/cell_00973_pred_visualized.png  used on inp
ut line 425.
(pdftex.def)             Requested size: 80.64185pt x 40.31458pt.
<test-cases/cell_00972.png, id=304, 513.92pt x 513.92pt>
File: test-cases/cell_00972.png Graphic file (type png)
<use test-cases/cell_00972.png>
Package pdftex.def Info: test-cases/cell_00972.png  used on input line 434.
(pdftex.def)             Requested size: 80.64185pt x 80.637pt.
<test-cases/cell_00972_vis.png, id=305, 513.92pt x 513.92pt>
File: test-cases/cell_00972_vis.png Graphic file (type png)
<use test-cases/cell_00972_vis.png>
Package pdftex.def Info: test-cases/cell_00972_vis.png  used on input line 435.

(pdftex.def)             Requested size: 80.64185pt x 80.637pt.
<test-cases/cell_00972_pred_visualized.png, id=306, 1027.84pt x 513.92pt>
File: test-cases/cell_00972_pred_visualized.png Graphic file (type png)
<use test-cases/cell_00972_pred_visualized.png>
Package pdftex.def Info: test-cases/cell_00972_pred_visualized.png  used on inp
ut line 436.
(pdftex.def)             Requested size: 80.64185pt x 40.31458pt.
<test-cases/cell_00970.png, id=308, 513.92pt x 513.92pt>
File: test-cases/cell_00970.png Graphic file (type png)
<use test-cases/cell_00970.png>
Package pdftex.def Info: test-cases/cell_00970.png  used on input line 445.
(pdftex.def)             Requested size: 80.64185pt x 80.637pt.
<test-cases/cell_00970_vis.png, id=309, 513.92pt x 513.92pt>
File: test-cases/cell_00970_vis.png Graphic file (type png)
<use test-cases/cell_00970_vis.png>
Package pdftex.def Info: test-cases/cell_00970_vis.png  used on input line 446.

(pdftex.def)             Requested size: 80.64185pt x 80.637pt.
<test-cases/cell_00970_pred_visualized.png, id=310, 1027.84pt x 513.92pt>
File: test-cases/cell_00970_pred_visualized.png Graphic file (type png)
<use test-cases/cell_00970_pred_visualized.png>
Package pdftex.def Info: test-cases/cell_00970_pred_visualized.png  used on inp
ut line 447.
(pdftex.def)             Requested size: 80.64185pt x 40.31458pt.



Underfull \vbox (badness 2088) has occurred while \output is active []



[5 <./test-cases/cell_00986.png (PNG copy)> <./test-cases/cell_00986_vis.png (P
NG copy)> <./test-cases/cell_00986_pred_visualized.png (PNG copy)> <./test-case
s/bmp-img2.jpeg> <./test-cases/bmp-img2_vis.png (PNG copy)> <./test-cases/bmp-i
mg2_pred_visualized.png (PNG copy)> <./test-cases/cell_00975.png (PNG copy)> <.
/test-cases/cell_00975_vis.png (PNG copy)> <./test-cases/cell_00975_pred_visual
ized.png (PNG copy)> <./test-cases/bmp-img1.jpeg> <./test-cases/bmp-img1_vis.pn
g (PNG copy)> <./test-cases/bmp-img1_pred_visualized.png (PNG copy)> <./test-ca
ses/cell_00973.png (PNG copy)> <./test-cases/cell_00973_vis.png (PNG copy)> <./
test-cases/cell_00973_pred_visualized.png (PNG copy)> <./test-cases/cell_00972.
png (PNG copy)> <./test-cases/cell_00972_vis.png (PNG copy)> <./test-cases/cell
_00972_pred_visualized.png (PNG copy)> <./test-cases/cell_00970.png (PNG copy)>
 <./test-cases/cell_00970_vis.png (PNG copy)> <./test-cases/cell_00970_pred_vis
ualized.png (PNG copy)>]
(/usr/local/texlive/2025basic/texmf-dist/tex/latex/listings/lstlang1.sty
File: lstlang1.sty 2024/09/23 1.10c listings language file
)
(/usr/local/texlive/2025basic/texmf-dist/tex/latex/listings/lstlang1.sty
File: lstlang1.sty 2024/09/23 1.10c listings language file
)

** Conference Paper **
Before submitting the final camera ready copy, remember to:

 1. Manually equalize the lengths of two columns on the last page
 of your paper;

 2. Ensure that any PostScript and/or PDF output post-processing
 uses only Type 1 fonts and that every step in the generation
 process uses the appropriate paper size.





[6

] (./cs419_assignment3_report.aux)
 ***********
LaTeX2e <2024-11-01> patch level 2
L3 programming layer <2025-01-18>
 ***********
Package rerunfilecheck Info: File `cs419_assignment3_report.out' has not change
d.
(rerunfilecheck)             Checksum: 8402FC0F4B8BA5D06ACA81A6ED4FB0D8;4355.
 ) 
Here is how much of TeX's memory you used:
 15319 strings out of 474662
 244566 string characters out of 5751108
 1062041 words of memory out of 5000000
 37836 multiletter control sequences out of 15000+600000
 749536 words of font info for 229 fonts, out of 8000000 for 9000
 319 hyphenation exceptions out of 8191
 75i,11n,79p,1021b,2153s stack positions out of 10000i,1000n,20000p,200000b,200000s
</usr/local/texlive/2025basic/texmf-dist/fonts/type1/public/amsfonts/latxfont
/lcircle1.pfb></usr/local/texlive/2025basic/texmf-dist/fonts/type1/public/lm/lm
bx10.pfb></usr/local/texlive/2025basic/texmf-dist/fonts/type1/public/lm/lmbx9.p
fb></usr/local/texlive/2025basic/texmf-dist/fonts/type1/public/lm/lmbxi10.pfb><
/usr/local/texlive/2025basic/texmf-dist/fonts/type1/public/lm/lmcsc10.pfb></usr
/local/texlive/2025basic/texmf-dist/fonts/type1/public/lm/lmmi10.pfb></usr/loca
l/texlive/2025basic/texmf-dist/fonts/type1/public/lm/lmmi9.pfb></usr/local/texl
ive/2025basic/texmf-dist/fonts/type1/public/lm/lmr10.pfb></usr/local/texlive/20
25basic/texmf-dist/fonts/type1/public/lm/lmr12.pfb></usr/local/texlive/2025basi
c/texmf-dist/fonts/type1/public/lm/lmr17.pfb></usr/local/texlive/2025basic/texm
f-dist/fonts/type1/public/lm/lmr8.pfb></usr/local/texlive/2025basic/texmf-dist/
fonts/type1/public/lm/lmr9.pfb></usr/local/texlive/2025basic/texmf-dist/fonts/t
ype1/public/lm/lmri10.pfb></usr/local/texlive/2025basic/texmf-dist/fonts/type1/
public/lm/lmsy10.pfb></usr/local/texlive/2025basic/texmf-dist/fonts/type1/publi
c/lm/lmsy7.pfb></usr/local/texlive/2025basic/texmf-dist/fonts/type1/public/lm/l
mtk10.pfb></usr/local/texlive/2025basic/texmf-dist/fonts/type1/public/lm/lmtt10
.pfb></usr/local/texlive/2025basic/texmf-dist/fonts/type1/public/lm/lmtt8.pfb><
/usr/local/texlive/2025basic/texmf-dist/fonts/type1/public/lm/lmtti10.pfb>
Output written on cs419_assignment3_report.pdf (6 pages, 14305952 bytes).
PDF statistics:
 445 PDF objects out of 1000 (max. 8388607)
 359 compressed objects within 4 object streams
 161 named destinations out of 1000 (max. 500000)
 39285 words of extra memory for PDF output out of 42996 (max. 10000000)

